# JRE version: OpenJDK Runtime Environment Temurin-21.0.8+9 (21.0.8+9) (build 21.0.8+9-LTS)
# Java VM: OpenJDK 64-Bit Server VM Temurin-21.0.8+9 (21.0.8+9-LTS, mixed mode, sharing, tiered, compressed oops, compressed class ptrs, parallel gc, windows-amd64)
GC Precious Log:
 CardTable entry size: 512
 CPUs: 8 total, 8 available
 Memory: 5965M
 Large Page Support: Disabled
 NUMA Support: Disabled
 Compressed Oops: Enabled (32-bit)
 Alignments: Space 512K, Generation 512K, Heap 2M
 Heap Min Capacity: 100M
 Heap Initial Capacity: 100M
 Heap Max Capacity: 2G
 Pre-touch: Disabled
 Parallel Workers: 8
Heap:
 PSYoungGen      total 9216K, used 8005K [0x00000000d5580000, 0x00000000d6180000, 0x0000000100000000)
  eden space 8192K, 89% used [0x00000000d5580000,0x00000000d5cad660,0x00000000d5d80000)
  from space 1024K, 64% used [0x00000000d6080000,0x00000000d6124030,0x00000000d6180000)
  to   space 1024K, 0% used [0x00000000d5f80000,0x00000000d5f80000,0x00000000d6080000)
 ParOldGen       total 1154560K, used 1154070K [0x0000000080000000, 0x00000000c6780000, 0x00000000d5580000)
  object space 1154560K, 99% used [0x0000000080000000,0x00000000c6705a20,0x00000000c6780000)
 Metaspace       used 76163K, committed 77696K, reserved 1179648K
  class space    used 7468K, committed 8256K, reserved 1048576K
GC Heap History (20 events):
Event: 54693.748 GC heap before
{Heap before GC invocations=827 (full 4):
 PSYoungGen      total 10240K, used 10005K [0x00000000d5580000, 0x00000000d6580000, 0x0000000100000000)
  eden space 8192K, 100% used [0x00000000d5580000,0x00000000d5d80000,0x00000000d5d80000)
  from space 2048K, 88% used [0x00000000d6380000,0x00000000d65455a0,0x00000000d6580000)
  to   space 2048K, 0% used [0x00000000d6180000,0x00000000d6180000,0x00000000d6380000)
 ParOldGen       total 1054208K, used 1054031K [0x0000000080000000, 0x00000000c0580000, 0x00000000d5580000)
  object space 1054208K, 99% used [0x0000000080000000,0x00000000c0553e08,0x00000000c0580000)
 Metaspace       used 76101K, committed 77632K, reserved 1179648K
  class space    used 7468K, committed 8256K, reserved 1048576K
}
Event: 54693.760 GC heap after
{Heap after GC invocations=827 (full 4):
 PSYoungGen      total 9728K, used 1376K [0x00000000d5580000, 0x00000000d6400000, 0x0000000100000000)
  eden space 8192K, 0% used [0x00000000d5580000,0x00000000d5580000,0x00000000d5d80000)
  from space 1536K, 89% used [0x00000000d6180000,0x00000000d62d8000,0x00000000d6300000)
  to   space 1024K, 0% used [0x00000000d6300000,0x00000000d6300000,0x00000000d6400000)
 ParOldGen       total 1055744K, used 1055503K [0x0000000080000000, 0x00000000c0700000, 0x00000000d5580000)
  object space 1055744K, 99% used [0x0000000080000000,0x00000000c06c3c00,0x00000000c0700000)
 Metaspace       used 76101K, committed 77632K, reserved 1179648K
  class space    used 7468K, committed 8256K, reserved 1048576K
}
Event: 54955.143 GC heap before
{Heap before GC invocations=828 (full 4):
 PSYoungGen      total 9728K, used 9568K [0x00000000d5580000, 0x00000000d6400000, 0x0000000100000000)
  eden space 8192K, 100% used [0x00000000d5580000,0x00000000d5d80000,0x00000000d5d80000)
  from space 1536K, 89% used [0x00000000d6180000,0x00000000d62d8000,0x00000000d6300000)
  to   space 1024K, 0% used [0x00000000d6300000,0x00000000d6300000,0x00000000d6400000)
 ParOldGen       total 1150976K, used 1147663K [0x0000000080000000, 0x00000000c6400000, 0x00000000d5580000)
  object space 1150976K, 99% used [0x0000000080000000,0x00000000c60c3c90,0x00000000c6400000)
 Metaspace       used 76125K, committed 77696K, reserved 1179648K
  class space    used 7468K, committed 8256K, reserved 1048576K
}
Event: 54955.473 GC heap after
{Heap after GC invocations=828 (full 4):
 PSYoungGen      total 9216K, used 643K [0x00000000d5580000, 0x00000000d6400000, 0x0000000100000000)
  eden space 8192K, 0% used [0x00000000d5580000,0x00000000d5580000,0x00000000d5d80000)
  from space 1024K, 62% used [0x00000000d6300000,0x00000000d63a0d40,0x00000000d6400000)
  to   space 1024K, 0% used [0x00000000d6200000,0x00000000d6200000,0x00000000d6300000)
 ParOldGen       total 1150976K, used 1148887K [0x0000000080000000, 0x00000000c6400000, 0x00000000d5580000)
  object space 1150976K, 99% used [0x0000000080000000,0x00000000c61f5cf0,0x00000000c6400000)
 Metaspace       used 76125K, committed 77696K, reserved 1179648K
  class space    used 7468K, committed 8256K, reserved 1048576K
}
Event: 54955.825 GC heap before
{Heap before GC invocations=829 (full 4):
 PSYoungGen      total 9216K, used 8835K [0x00000000d5580000, 0x00000000d6400000, 0x0000000100000000)
  eden space 8192K, 100% used [0x00000000d5580000,0x00000000d5d80000,0x00000000d5d80000)
  from space 1024K, 62% used [0x00000000d6300000,0x00000000d63a0d40,0x00000000d6400000)
  to   space 1024K, 0% used [0x00000000d6200000,0x00000000d6200000,0x00000000d6300000)
 ParOldGen       total 1150976K, used 1148887K [0x0000000080000000, 0x00000000c6400000, 0x00000000d5580000)
  object space 1150976K, 99% used [0x0000000080000000,0x00000000c61f5cf0,0x00000000c6400000)
 Metaspace       used 76125K, committed 77696K, reserved 1179648K
  class space    used 7468K, committed 8256K, reserved 1048576K
}
Event: 54955.835 GC heap after
{Heap after GC invocations=829 (full 4):
 PSYoungGen      total 9216K, used 672K [0x00000000d5580000, 0x00000000d6380000, 0x0000000100000000)
  eden space 8192K, 0% used [0x00000000d5580000,0x00000000d5580000,0x00000000d5d80000)
  from space 1024K, 65% used [0x00000000d6200000,0x00000000d62a8040,0x00000000d6300000)
  to   space 512K, 0% used [0x00000000d6300000,0x00000000d6300000,0x00000000d6380000)
 ParOldGen       total 1150976K, used 1149087K [0x0000000080000000, 0x00000000c6400000, 0x00000000d5580000)
  object space 1150976K, 99% used [0x0000000080000000,0x00000000c6227d30,0x00000000c6400000)
 Metaspace       used 76125K, committed 77696K, reserved 1179648K
  class space    used 7468K, committed 8256K, reserved 1048576K
}
Event: 54955.893 GC heap before
{Heap before GC invocations=830 (full 4):
 PSYoungGen      total 9216K, used 8864K [0x00000000d5580000, 0x00000000d6380000, 0x0000000100000000)
  eden space 8192K, 100% used [0x00000000d5580000,0x00000000d5d80000,0x00000000d5d80000)
  from space 1024K, 65% used [0x00000000d6200000,0x00000000d62a8040,0x00000000d6300000)
  to   space 512K, 0% used [0x00000000d6300000,0x00000000d6300000,0x00000000d6380000)
 ParOldGen       total 1150976K, used 1149087K [0x0000000080000000, 0x00000000c6400000, 0x00000000d5580000)
  object space 1150976K, 99% used [0x0000000080000000,0x00000000c6227d30,0x00000000c6400000)
 Metaspace       used 76126K, committed 77696K, reserved 1179648K
  class space    used 7468K, committed 8256K, reserved 1048576K
}
Event: 54955.908 GC heap after
{Heap after GC invocations=830 (full 4):
 PSYoungGen      total 8704K, used 490K [0x00000000d5580000, 0x00000000d6380000, 0x0000000100000000)
  eden space 8192K, 0% used [0x00000000d5580000,0x00000000d5580000,0x00000000d5d80000)
  from space 512K, 95% used [0x00000000d6300000,0x00000000d637a910,0x00000000d6380000)
  to   space 1024K, 0% used [0x00000000d6180000,0x00000000d6180000,0x00000000d6280000)
 ParOldGen       total 1150976K, used 1149407K [0x0000000080000000, 0x00000000c6400000, 0x00000000d5580000)
  object space 1150976K, 99% used [0x0000000080000000,0x00000000c6277cd8,0x00000000c6400000)
 Metaspace       used 76126K, committed 77696K, reserved 1179648K
  class space    used 7468K, committed 8256K, reserved 1048576K
}
Event: 54956.272 GC heap before
{Heap before GC invocations=831 (full 4):
 PSYoungGen      total 8704K, used 8682K [0x00000000d5580000, 0x00000000d6380000, 0x0000000100000000)
  eden space 8192K, 100% used [0x00000000d5580000,0x00000000d5d80000,0x00000000d5d80000)
  from space 512K, 95% used [0x00000000d6300000,0x00000000d637a910,0x00000000d6380000)
  to   space 1024K, 0% used [0x00000000d6180000,0x00000000d6180000,0x00000000d6280000)
 ParOldGen       total 1150976K, used 1149407K [0x0000000080000000, 0x00000000c6400000, 0x00000000d5580000)
  object space 1150976K, 99% used [0x0000000080000000,0x00000000c6277cd8,0x00000000c6400000)
 Metaspace       used 76138K, committed 77696K, reserved 1179648K
  class space    used 7468K, committed 8256K, reserved 1048576K
}
Event: 54956.285 GC heap after
{Heap after GC invocations=831 (full 4):
 PSYoungGen      total 9216K, used 1008K [0x00000000d5580000, 0x00000000d6380000, 0x0000000100000000)
  eden space 8192K, 0% used [0x00000000d5580000,0x00000000d5580000,0x00000000d5d80000)
  from space 1024K, 98% used [0x00000000d6180000,0x00000000d627c050,0x00000000d6280000)
  to   space 1024K, 0% used [0x00000000d6280000,0x00000000d6280000,0x00000000d6380000)
 ParOldGen       total 1150976K, used 1149793K [0x0000000080000000, 0x00000000c6400000, 0x00000000d5580000)
  object space 1150976K, 99% used [0x0000000080000000,0x00000000c62d8618,0x00000000c6400000)
 Metaspace       used 76138K, committed 77696K, reserved 1179648K
  class space    used 7468K, committed 8256K, reserved 1048576K
}
Event: 54957.178 GC heap before
{Heap before GC invocations=832 (full 4):
 PSYoungGen      total 9216K, used 9200K [0x00000000d5580000, 0x00000000d6380000, 0x0000000100000000)
  eden space 8192K, 100% used [0x00000000d5580000,0x00000000d5d80000,0x00000000d5d80000)
  from space 1024K, 98% used [0x00000000d6180000,0x00000000d627c050,0x00000000d6280000)
  to   space 1024K, 0% used [0x00000000d6280000,0x00000000d6280000,0x00000000d6380000)
 ParOldGen       total 1150976K, used 1149793K [0x0000000080000000, 0x00000000c6400000, 0x00000000d5580000)
  object space 1150976K, 99% used [0x0000000080000000,0x00000000c62d8618,0x00000000c6400000)
 Metaspace       used 76147K, committed 77696K, reserved 1179648K
  class space    used 7468K, committed 8256K, reserved 1048576K
}
Event: 54957.187 GC heap after
{Heap after GC invocations=832 (full 4):
 PSYoungGen      total 9216K, used 1024K [0x00000000d5580000, 0x00000000d6480000, 0x0000000100000000)
  eden space 8192K, 0% used [0x00000000d5580000,0x00000000d5580000,0x00000000d5d80000)
  from space 1024K, 100% used [0x00000000d6280000,0x00000000d6380000,0x00000000d6380000)
  to   space 3584K, 0% used [0x00000000d5d80000,0x00000000d5d80000,0x00000000d6100000)
 ParOldGen       total 1152000K, used 1151644K [0x0000000080000000, 0x00000000c6500000, 0x00000000d5580000)
  object space 1152000K, 99% used [0x0000000080000000,0x00000000c64a70a0,0x00000000c6500000)
 Metaspace       used 76147K, committed 77696K, reserved 1179648K
  class space    used 7468K, committed 8256K, reserved 1048576K
}
Event: 54957.755 GC heap before
{Heap before GC invocations=833 (full 4):
 PSYoungGen      total 9216K, used 9216K [0x00000000d5580000, 0x00000000d6480000, 0x0000000100000000)
  eden space 8192K, 100% used [0x00000000d5580000,0x00000000d5d80000,0x00000000d5d80000)
  from space 1024K, 100% used [0x00000000d6280000,0x00000000d6380000,0x00000000d6380000)
  to   space 3584K, 0% used [0x00000000d5d80000,0x00000000d5d80000,0x00000000d6100000)
 ParOldGen       total 1152000K, used 1151644K [0x0000000080000000, 0x00000000c6500000, 0x00000000d5580000)
  object space 1152000K, 99% used [0x0000000080000000,0x00000000c64a70a0,0x00000000c6500000)
 Metaspace       used 76156K, committed 77696K, reserved 1179648K
  class space    used 7468K, committed 8256K, reserved 1048576K
}
Event: 54957.768 GC heap after
{Heap after GC invocations=833 (full 4):
 PSYoungGen      total 11776K, used 1070K [0x00000000d5580000, 0x00000000d6300000, 0x0000000100000000)
  eden space 8192K, 0% used [0x00000000d5580000,0x00000000d5580000,0x00000000d5d80000)
  from space 3584K, 29% used [0x00000000d5d80000,0x00000000d5e8bb20,0x00000000d6100000)
  to   space 2048K, 0% used [0x00000000d6100000,0x00000000d6100000,0x00000000d6300000)
 ParOldGen       total 1153024K, used 1152700K [0x0000000080000000, 0x00000000c6600000, 0x00000000d5580000)
  object space 1153024K, 99% used [0x0000000080000000,0x00000000c65af168,0x00000000c6600000)
 Metaspace       used 76156K, committed 77696K, reserved 1179648K
  class space    used 7468K, committed 8256K, reserved 1048576K
}
Event: 54957.841 GC heap before
{Heap before GC invocations=834 (full 4):
 PSYoungGen      total 11776K, used 9262K [0x00000000d5580000, 0x00000000d6300000, 0x0000000100000000)
  eden space 8192K, 100% used [0x00000000d5580000,0x00000000d5d80000,0x00000000d5d80000)
  from space 3584K, 29% used [0x00000000d5d80000,0x00000000d5e8bb20,0x00000000d6100000)
  to   space 2048K, 0% used [0x00000000d6100000,0x00000000d6100000,0x00000000d6300000)
 ParOldGen       total 1153024K, used 1152700K [0x0000000080000000, 0x00000000c6600000, 0x00000000d5580000)
  object space 1153024K, 99% used [0x0000000080000000,0x00000000c65af168,0x00000000c6600000)
 Metaspace       used 76156K, committed 77696K, reserved 1179648K
  class space    used 7468K, committed 8256K, reserved 1048576K
}
Event: 54957.847 GC heap after
{Heap after GC invocations=834 (full 4):
 PSYoungGen      total 9216K, used 778K [0x00000000d5580000, 0x00000000d6200000, 0x0000000100000000)
  eden space 8192K, 0% used [0x00000000d5580000,0x00000000d5580000,0x00000000d5d80000)
  from space 1024K, 76% used [0x00000000d6100000,0x00000000d61c2910,0x00000000d6200000)
  to   space 1024K, 0% used [0x00000000d6000000,0x00000000d6000000,0x00000000d6100000)
 ParOldGen       total 1153536K, used 1153530K [0x0000000080000000, 0x00000000c6680000, 0x00000000d5580000)
  object space 1153536K, 99% used [0x0000000080000000,0x00000000c667e810,0x00000000c6680000)
 Metaspace       used 76156K, committed 77696K, reserved 1179648K
  class space    used 7468K, committed 8256K, reserved 1048576K
}
Event: 54957.930 GC heap before
{Heap before GC invocations=835 (full 4):
 PSYoungGen      total 9216K, used 8970K [0x00000000d5580000, 0x00000000d6200000, 0x0000000100000000)
  eden space 8192K, 100% used [0x00000000d5580000,0x00000000d5d80000,0x00000000d5d80000)
  from space 1024K, 76% used [0x00000000d6100000,0x00000000d61c2910,0x00000000d6200000)
  to   space 1024K, 0% used [0x00000000d6000000,0x00000000d6000000,0x00000000d6100000)
 ParOldGen       total 1153536K, used 1153530K [0x0000000080000000, 0x00000000c6680000, 0x00000000d5580000)
  object space 1153536K, 99% used [0x0000000080000000,0x00000000c667e810,0x00000000c6680000)
 Metaspace       used 76157K, committed 77696K, reserved 1179648K
  class space    used 7468K, committed 8256K, reserved 1048576K
}
Event: 54957.935 GC heap after
{Heap after GC invocations=835 (full 4):
 PSYoungGen      total 8704K, used 352K [0x00000000d5580000, 0x00000000d6180000, 0x0000000100000000)
  eden space 8192K, 0% used [0x00000000d5580000,0x00000000d5580000,0x00000000d5d80000)
  from space 512K, 68% used [0x00000000d6000000,0x00000000d6058000,0x00000000d6080000)
  to   space 1024K, 0% used [0x00000000d6080000,0x00000000d6080000,0x00000000d6180000)
 ParOldGen       total 1154048K, used 1153942K [0x0000000080000000, 0x00000000c6700000, 0x00000000d5580000)
  object space 1154048K, 99% used [0x0000000080000000,0x00000000c66e5a20,0x00000000c6700000)
 Metaspace       used 76157K, committed 77696K, reserved 1179648K
  class space    used 7468K, committed 8256K, reserved 1048576K
}
Event: 54957.947 GC heap before
{Heap before GC invocations=836 (full 4):
 PSYoungGen      total 8704K, used 8544K [0x00000000d5580000, 0x00000000d6180000, 0x0000000100000000)
  eden space 8192K, 100% used [0x00000000d5580000,0x00000000d5d80000,0x00000000d5d80000)
  from space 512K, 68% used [0x00000000d6000000,0x00000000d6058000,0x00000000d6080000)
  to   space 1024K, 0% used [0x00000000d6080000,0x00000000d6080000,0x00000000d6180000)
 ParOldGen       total 1154048K, used 1153942K [0x0000000080000000, 0x00000000c6700000, 0x00000000d5580000)
  object space 1154048K, 99% used [0x0000000080000000,0x00000000c66e5a20,0x00000000c6700000)
 Metaspace       used 76157K, committed 77696K, reserved 1179648K
  class space    used 7468K, committed 8256K, reserved 1048576K
}
Event: 54957.953 GC heap after
{Heap after GC invocations=836 (full 4):
 PSYoungGen      total 9216K, used 656K [0x00000000d5580000, 0x00000000d6180000, 0x0000000100000000)
  eden space 8192K, 0% used [0x00000000d5580000,0x00000000d5580000,0x00000000d5d80000)
  from space 1024K, 64% used [0x00000000d6080000,0x00000000d6124030,0x00000000d6180000)
  to   space 1024K, 0% used [0x00000000d5f80000,0x00000000d5f80000,0x00000000d6080000)
 ParOldGen       total 1154560K, used 1154070K [0x0000000080000000, 0x00000000c6780000, 0x00000000d5580000)
  object space 1154560K, 99% used [0x0000000080000000,0x00000000c6705a20,0x00000000c6780000)
 Metaspace       used 76157K, committed 77696K, reserved 1179648K
  class space    used 7468K, committed 8256K, reserved 1048576K
}

